# JRE version: OpenJDK Runtime Environment (21.0.3) (build 21.0.3+-12282718-b509.11)
# Java VM: OpenJDK 64-Bit Server VM (21.0.3+-12282718-b509.11, mixed mode, tiered, compressed oops, compressed class ptrs, g1 gc, windows-amd64)
GC Precious Log:
 CardTable entry size: 512
 Card Set container configuration: InlinePtr #cards 4 size 8 Array Of Cards #cards 16 size 48 Howl #buckets 8 coarsen threshold 3686 Howl Bitmap #cards 512 size 80 coarsen threshold 460 Card regions per heap region 1 cards per card region 4096
 CPUs: 4 total, 4 available
 Memory: 12171M
 Large Page Support: Disabled
 NUMA Support: Disabled
 Compressed Oops: Enabled (Zero based)
 Heap Region Size: 2M
 Heap Min Capacity: 8M
 Heap Initial Capacity: 192M
 Heap Max Capacity: 3044M
 Pre-touch: Disabled
 Parallel Workers: 4
 Concurrent Workers: 1
 Concurrent Refinement Workers: 4
 Periodic GC: Disabled
Heap:
 garbage-first heap   total 178176K, used 105575K [0x0000000741c00000, 0x0000000800000000)
  region size 2048K, 3 young (6144K), 3 survivors (6144K)
 Metaspace       used 59264K, committed 59584K, reserved 1114112K
  class space    used 6647K, committed 6784K, reserved 1048576K
GC Heap History (20 events):
Event: 8.202 GC heap after
{Heap after GC invocations=13 (full 0):
 garbage-first heap   total 73728K, used 39967K [0x0000000741c00000, 0x0000000800000000)
  region size 2048K, 2 young (4096K), 2 survivors (4096K)
 Metaspace       used 47279K, committed 47552K, reserved 1114112K
  class space    used 5496K, committed 5632K, reserved 1048576K
}
Event: 8.552 GC heap before
{Heap before GC invocations=13 (full 0):
 garbage-first heap   total 73728K, used 56351K [0x0000000741c00000, 0x0000000800000000)
  region size 2048K, 11 young (22528K), 2 survivors (4096K)
 Metaspace       used 48798K, committed 49024K, reserved 1114112K
  class space    used 5670K, committed 5760K, reserved 1048576K
}
Event: 8.565 GC heap after
{Heap after GC invocations=14 (full 0):
 garbage-first heap   total 73728K, used 44834K [0x0000000741c00000, 0x0000000800000000)
  region size 2048K, 2 young (4096K), 2 survivors (4096K)
 Metaspace       used 48798K, committed 49024K, reserved 1114112K
  class space    used 5670K, committed 5760K, reserved 1048576K
}
Event: 8.988 GC heap before
{Heap before GC invocations=15 (full 0):
 garbage-first heap   total 81920K, used 61218K [0x0000000741c00000, 0x0000000800000000)
  region size 2048K, 10 young (20480K), 2 survivors (4096K)
 Metaspace       used 49217K, committed 49472K, reserved 1114112K
  class space    used 5713K, committed 5824K, reserved 1048576K
}
Event: 9.001 GC heap after
{Heap after GC invocations=16 (full 0):
 garbage-first heap   total 81920K, used 49113K [0x0000000741c00000, 0x0000000800000000)
  region size 2048K, 2 young (4096K), 2 survivors (4096K)
 Metaspace       used 49217K, committed 49472K, reserved 1114112K
  class space    used 5713K, committed 5824K, reserved 1048576K
}
Event: 9.306 GC heap before
{Heap before GC invocations=16 (full 0):
 garbage-first heap   total 81920K, used 67545K [0x0000000741c00000, 0x0000000800000000)
  region size 2048K, 11 young (22528K), 2 survivors (4096K)
 Metaspace       used 50169K, committed 50432K, reserved 1114112K
  class space    used 5836K, committed 5952K, reserved 1048576K
}
Event: 9.325 GC heap after
{Heap after GC invocations=17 (full 0):
 garbage-first heap   total 81920K, used 53173K [0x0000000741c00000, 0x0000000800000000)
  region size 2048K, 2 young (4096K), 2 survivors (4096K)
 Metaspace       used 50169K, committed 50432K, reserved 1114112K
  class space    used 5836K, committed 5952K, reserved 1048576K
}
Event: 9.820 GC heap before
{Heap before GC invocations=17 (full 0):
 garbage-first heap   total 81920K, used 69557K [0x0000000741c00000, 0x0000000800000000)
  region size 2048K, 10 young (20480K), 2 survivors (4096K)
 Metaspace       used 50905K, committed 51200K, reserved 1114112K
  class space    used 5931K, committed 6080K, reserved 1048576K
}
Event: 9.837 GC heap after
{Heap after GC invocations=18 (full 0):
 garbage-first heap   total 129024K, used 56499K [0x0000000741c00000, 0x0000000800000000)
  region size 2048K, 2 young (4096K), 2 survivors (4096K)
 Metaspace       used 50905K, committed 51200K, reserved 1114112K
  class space    used 5931K, committed 6080K, reserved 1048576K
}
Event: 10.394 GC heap before
{Heap before GC invocations=19 (full 0):
 garbage-first heap   total 129024K, used 99507K [0x0000000741c00000, 0x0000000800000000)
  region size 2048K, 23 young (47104K), 2 survivors (4096K)
 Metaspace       used 51208K, committed 51520K, reserved 1114112K
  class space    used 5948K, committed 6080K, reserved 1048576K
}
Event: 10.409 GC heap after
{Heap after GC invocations=20 (full 0):
 garbage-first heap   total 129024K, used 67208K [0x0000000741c00000, 0x0000000800000000)
  region size 2048K, 3 young (6144K), 3 survivors (6144K)
 Metaspace       used 51208K, committed 51520K, reserved 1114112K
  class space    used 5948K, committed 6080K, reserved 1048576K
}
Event: 10.579 GC heap before
{Heap before GC invocations=20 (full 0):
 garbage-first heap   total 129024K, used 102024K [0x0000000741c00000, 0x0000000800000000)
  region size 2048K, 20 young (40960K), 3 survivors (6144K)
 Metaspace       used 51208K, committed 51520K, reserved 1114112K
  class space    used 5948K, committed 6080K, reserved 1048576K
}
Event: 10.594 GC heap after
{Heap after GC invocations=21 (full 0):
 garbage-first heap   total 129024K, used 76593K [0x0000000741c00000, 0x0000000800000000)
  region size 2048K, 3 young (6144K), 3 survivors (6144K)
 Metaspace       used 51208K, committed 51520K, reserved 1114112K
  class space    used 5948K, committed 6080K, reserved 1048576K
}
Event: 10.761 GC heap before
{Heap before GC invocations=21 (full 0):
 garbage-first heap   total 129024K, used 107313K [0x0000000741c00000, 0x0000000800000000)
  region size 2048K, 18 young (36864K), 3 survivors (6144K)
 Metaspace       used 51208K, committed 51520K, reserved 1114112K
  class space    used 5948K, committed 6080K, reserved 1048576K
}
Event: 10.770 GC heap after
{Heap after GC invocations=22 (full 0):
 garbage-first heap   total 129024K, used 85144K [0x0000000741c00000, 0x0000000800000000)
  region size 2048K, 3 young (6144K), 3 survivors (6144K)
 Metaspace       used 51208K, committed 51520K, reserved 1114112K
  class space    used 5948K, committed 6080K, reserved 1048576K
}
Event: 11.670 GC heap before
{Heap before GC invocations=23 (full 0):
 garbage-first heap   total 153600K, used 109720K [0x0000000741c00000, 0x0000000800000000)
  region size 2048K, 15 young (30720K), 3 survivors (6144K)
 Metaspace       used 53710K, committed 54016K, reserved 1114112K
  class space    used 6179K, committed 6336K, reserved 1048576K
}
Event: 11.687 GC heap after
{Heap after GC invocations=24 (full 0):
 garbage-first heap   total 153600K, used 92147K [0x0000000741c00000, 0x0000000800000000)
  region size 2048K, 2 young (4096K), 2 survivors (4096K)
 Metaspace       used 53710K, committed 54016K, reserved 1114112K
  class space    used 6179K, committed 6336K, reserved 1048576K
}
Event: 13.000 GC heap before
{Heap before GC invocations=24 (full 0):
 garbage-first heap   total 153600K, used 129011K [0x0000000741c00000, 0x0000000800000000)
  region size 2048K, 20 young (40960K), 2 survivors (4096K)
 Metaspace       used 55106K, committed 55424K, reserved 1114112K
  class space    used 6276K, committed 6400K, reserved 1048576K
}
Event: 13.027 GC heap after
{Heap after GC invocations=25 (full 0):
 garbage-first heap   total 153600K, used 99891K [0x0000000741c00000, 0x0000000800000000)
  region size 2048K, 3 young (6144K), 3 survivors (6144K)
 Metaspace       used 55106K, committed 55424K, reserved 1114112K
  class space    used 6276K, committed 6400K, reserved 1048576K
}
Event: 13.678 GC heap before
{Heap before GC invocations=25 (full 0):
 garbage-first heap   total 153600K, used 130611K [0x0000000741c00000, 0x0000000800000000)
  region size 2048K, 18 young (36864K), 3 survivors (6144K)
 Metaspace       used 59264K, committed 59584K, reserved 1114112K
  class space    used 6647K, committed 6784K, reserved 1048576K
}

